<?xml version="1.0" encoding="UTF-8"?>
<testsuites name="jest tests" tests="1" failures="0" time="1.819">
  <testsuite name="Dialog测试" errors="0" failures="0" skipped="0" timestamp="2020-02-13T00:11:40" time="1.106" tests="1">
    <testcase classname="Dialog测试 dialog-关闭事件" name="Dialog测试 dialog-关闭事件" time="0.034">
    </testcase>
  </testsuite>
</testsuites>