<?xml version="1.0" encoding="UTF-8"?>
<testsuites name="jest tests" tests="15" failures="0" time="2.871">
  <testsuite name="测试Hello组件" errors="0" failures="0" skipped="0" timestamp="2020-02-09T08:11:24" time="1.304" tests="1">
    <testcase classname="测试Hello组件 测试基本渲染-他是一个div" name="测试Hello组件 测试基本渲染-他是一个div" time="0.013">
    </testcase>
  </testsuite>
  <testsuite name="测试classHandle文件" errors="0" failures="0" skipped="0" timestamp="2020-02-09T08:11:24" time="1.32" tests="6">
    <testcase classname="测试classHandle文件 测试joinClassName方法 接受一个className" name="测试classHandle文件 测试joinClassName方法 接受一个className" time="0.002">
    </testcase>
    <testcase classname="测试classHandle文件 测试joinClassName方法 接受二个参数" name="测试classHandle文件 测试joinClassName方法 接受二个参数" time="0">
    </testcase>
    <testcase classname="测试classHandle文件 测试joinClassName方法 接受包含undefined的参数" name="测试classHandle文件 测试joinClassName方法 接受包含undefined的参数" time="0.001">
    </testcase>
    <testcase classname="测试classHandle文件 测试prefixClass方法 不传参数" name="测试classHandle文件 测试prefixClass方法 不传参数" time="0">
    </testcase>
    <testcase classname="测试classHandle文件 测试prefixClass方法 传一个参数" name="测试classHandle文件 测试prefixClass方法 传一个参数" time="0">
    </testcase>
    <testcase classname="测试classHandle文件 测试prefixClass方法 传多个参数" name="测试classHandle文件 测试prefixClass方法 传多个参数" time="0.001">
    </testcase>
  </testsuite>
  <testsuite name="HelloEvent组件" errors="0" failures="0" skipped="0" timestamp="2020-02-09T08:11:24" time="1.42" tests="3">
    <testcase classname="HelloEvent组件 测试组件渲染" name="HelloEvent组件 测试组件渲染" time="0.012">
    </testcase>
    <testcase classname="HelloEvent组件 测试组件渲染-传了click方法" name="HelloEvent组件 测试组件渲染-传了click方法" time="0.002">
    </testcase>
    <testcase classname="HelloEvent组件 测试点击方法" name="HelloEvent组件 测试点击方法" time="0.036">
    </testcase>
  </testsuite>
  <testsuite name="测试hello里的方法" errors="0" failures="0" skipped="0" timestamp="2020-02-09T08:11:24" time="1.457" tests="2">
    <testcase classname="测试hello里的方法 hello方法 不传参数" name="测试hello里的方法 hello方法 不传参数" time="0.002">
    </testcase>
    <testcase classname="测试hello里的方法 hello方法 传true" name="测试hello里的方法 hello方法 传true" time="0">
    </testcase>
  </testsuite>
  <testsuite name="HelloImage测试" errors="0" failures="0" skipped="0" timestamp="2020-02-09T08:11:24" time="1.485" tests="1">
    <testcase classname="HelloImage测试 测试渲染" name="HelloImage测试 测试渲染" time="0.012">
    </testcase>
  </testsuite>
  <testsuite name="Icon单元测试" errors="0" failures="0" skipped="0" timestamp="2020-02-09T08:11:24" time="1.52" tests="2">
    <testcase classname="Icon单元测试 测试icon普通渲染" name="Icon单元测试 测试icon普通渲染" time="0.01">
    </testcase>
    <testcase classname="Icon单元测试 测试icon的点击事件" name="Icon单元测试 测试icon的点击事件" time="0.03">
    </testcase>
  </testsuite>
</testsuites>