<?xml version="1.0" encoding="UTF-8"?>
<testsuites name="jest tests" tests="3" failures="0" time="1.991">
  <testsuite name="测试hello里的方法" errors="0" failures="0" skipped="0" timestamp="2020-02-09T00:15:25" time="0.757" tests="2">
    <testcase classname="测试hello里的方法 hello方法 不传参数" name="测试hello里的方法 hello方法 不传参数" time="0.002">
    </testcase>
    <testcase classname="测试hello里的方法 hello方法 传true" name="测试hello里的方法 hello方法 传true" time="0">
    </testcase>
  </testsuite>
  <testsuite name="测试Hello组件" errors="0" failures="0" skipped="0" timestamp="2020-02-09T00:15:26" time="0.275" tests="1">
    <testcase classname="测试Hello组件 测试基本渲染-他是一个div" name="测试Hello组件 测试基本渲染-他是一个div" time="0.011">
    </testcase>
  </testsuite>
</testsuites>