<?xml version="1.0" encoding="UTF-8"?>
<testsuites name="jest tests" tests="5" failures="0" time="1.746">
  <testsuite name="Layout测试" errors="0" failures="0" skipped="0" timestamp="2020-02-16T02:19:08" time="1.014" tests="5">
    <testcase classname="Layout测试 测试Layout渲染" name="Layout测试 测试Layout渲染" time="0.01">
    </testcase>
    <testcase classname="Layout测试 测试Aside渲染" name="Layout测试 测试Aside渲染" time="0">
    </testcase>
    <testcase classname="Layout测试 测试Content渲染" name="Layout测试 测试Content渲染" time="0.001">
    </testcase>
    <testcase classname="Layout测试 测试Header渲染" name="Layout测试 测试Header渲染" time="0.001">
    </testcase>
    <testcase classname="Layout测试 测试Footer渲染" name="Layout测试 测试Footer渲染" time="0.001">
    </testcase>
  </testsuite>
</testsuites>