<?xml version="1.0" encoding="UTF-8"?>
<testsuites name="jest tests" tests="3" failures="0" time="1.734">
  <testsuite name="Input测试" errors="0" failures="0" skipped="0" timestamp="2020-02-14T00:19:14" time="0.975" tests="3">
    <testcase classname="Input测试 测试基本的input渲染" name="Input测试 测试基本的input渲染" time="0.01">
    </testcase>
    <testcase classname="Input测试 测试限制输入长度的input" name="Input测试 测试限制输入长度的input" time="0.001">
    </testcase>
    <testcase classname="Input测试 测试限制输入长度同时显示已输入字数的input" name="Input测试 测试限制输入长度同时显示已输入字数的input" time="0.001">
    </testcase>
  </testsuite>
</testsuites>